<?xml version="1.0" encoding="UTF-8"?>
<!-- Generated by org.testng.reporters.JUnitReportReporter -->
<testsuite skipped="0" hostname="MLI-LAP-180" name="HelixSenseTests.AssetRegistryActionsTest" tests="4" failures="0" timestamp="2022-03-02T18:52:30 IST" time="108.529" errors="0">
  <testcase name="verifyAssetRegistryActions" time="31.166" classname="HelixSenseTests.AssetRegistryActionsTest"/>
  <system-out/>
  <testcase name="verifyAssetRegistryStoreWareHouse" time="25.919" classname="HelixSenseTests.AssetRegistryActionsTest"/>
  <system-out/>
  <testcase name="verifyAssetRegistryBreakdown" time="25.677" classname="HelixSenseTests.AssetRegistryActionsTest"/>
  <system-out/>
  <testcase name="verifyAssetRegistryScrap" time="25.767" classname="HelixSenseTests.AssetRegistryActionsTest"/>
  <system-out/>
</testsuite> <!-- HelixSenseTests.AssetRegistryActionsTest -->
