<?xml version="1.0" encoding="UTF-8"?>
<!-- Generated by org.testng.reporters.JUnitReportReporter -->
<testsuite skipped="0" hostname="MLI-LAP-180" name="HelixSenseTests.HelpDeskAssetByNameTest" tests="1" failures="0" timestamp="2022-02-22T20:00:07 IST" time="43.313" errors="0">
  <testcase name="verifyHelpDeskAssetByName" time="43.313" classname="HelixSenseTests.HelpDeskAssetByNameTest"/>
  <system-out/>
</testsuite> <!-- HelixSenseTests.HelpDeskAssetByNameTest -->
