<?xml version="1.0" encoding="UTF-8"?>
<!-- Generated by org.testng.reporters.JUnitReportReporter -->
<testsuite skipped="0" hostname="MLI-LAP-180" name="HelixSenseTests.HelpDeskSearchAssetByLocationTest" tests="1" failures="0" timestamp="2022-03-23T18:09:17 IST" time="28.589" errors="0">
  <testcase name="HelpDeskSearchAssetByLocation" time="28.589" classname="HelixSenseTests.HelpDeskSearchAssetByLocationTest"/>
  <system-out/>
</testsuite> <!-- HelixSenseTests.HelpDeskSearchAssetByLocationTest -->
