<?xml version="1.0" encoding="UTF-8"?>
<!-- Generated by org.testng.reporters.JUnitReportReporter -->
<testsuite skipped="0" hostname="MLI-LAP-180" name="HelixSenseTests.HelpDeskByQRCodeTest" tests="1" failures="0" timestamp="2022-03-14T19:12:53 IST" time="73.823" errors="0">
  <testcase name="verifyHelpDeskRaiseTicekyUsingQRCode" time="73.823" classname="HelixSenseTests.HelpDeskByQRCodeTest"/>
  <system-out/>
</testsuite> <!-- HelixSenseTests.HelpDeskByQRCodeTest -->
