<?xml version="1.0" encoding="UTF-8"?>
<!-- Generated by org.testng.reporters.JUnitReportReporter -->
<testsuite skipped="0" hostname="MLI-LAP-180" name="HelixSenseTests.IncidentRaiseTicketTest" tests="1" failures="0" timestamp="2022-03-01T12:02:58 IST" time="97.855" errors="0">
  <testcase name="verifyIncidentManagementRaiseTicket" time="97.855" classname="HelixSenseTests.IncidentRaiseTicketTest"/>
  <system-out/>
</testsuite> <!-- HelixSenseTests.IncidentRaiseTicketTest -->
