<?xml version="1.0" encoding="UTF-8"?>
<!-- Generated by org.testng.reporters.JUnitReportReporter -->
<testsuite skipped="0" hostname="MLI-LAP-180" name="HelixSenseTests.AddOutboundMailWithDepartmentTest" tests="1" failures="0" timestamp="2022-02-28T11:32:48 IST" time="86.790" errors="0">
  <testcase name="verifyAddOutboundMailWithDepartment" time="86.790" classname="HelixSenseTests.AddOutboundMailWithDepartmentTest"/>
  <system-out/>
</testsuite> <!-- HelixSenseTests.AddOutboundMailWithDepartmentTest -->
