<?xml version="1.0" encoding="UTF-8"?>
<!-- Generated by org.testng.reporters.JUnitReportReporter -->
<testsuite skipped="0" hostname="MLI-LAP-180" name="HelixSenseTests.HelixSearchByQRCodeTest" tests="1" failures="0" timestamp="2022-03-23T13:06:08 IST" time="71.599" errors="0">
  <testcase name="verifyRaiseATicketByGlobalSearchUsingQR" time="71.599" classname="HelixSenseTests.HelixSearchByQRCodeTest"/>
  <system-out/>
</testsuite> <!-- HelixSenseTests.HelixSearchByQRCodeTest -->
