<?xml version="1.0" encoding="UTF-8"?>
<!-- Generated by org.testng.reporters.JUnitReportReporter -->
<testsuite skipped="0" hostname="MLI-LAP-180" name="HelixSenseTests.AddInboundMailWithDepartmentTest" tests="1" failures="0" timestamp="2022-02-24T19:15:30 IST" time="59.189" errors="0">
  <testcase name="verifyAddInboundMailWithDepartment" time="59.189" classname="HelixSenseTests.AddInboundMailWithDepartmentTest"/>
  <system-out/>
</testsuite> <!-- HelixSenseTests.AddInboundMailWithDepartmentTest -->
