<?xml version="1.0" encoding="UTF-8"?>
<!-- Generated by org.testng.reporters.JUnitReportReporter -->
<testsuite skipped="0" hostname="MLI-LAP-180" name="HelixSenseTests.AssetRegistryActionsTest" tests="4" failures="0" timestamp="2022-03-23T18:09:17 IST" time="106.187" errors="0">
  <testcase name="verifyAssetRegistryActions" time="31.465" classname="HelixSenseTests.AssetRegistryActionsTest"/>
  <system-out/>
  <testcase name="verifyAssetRegistryStoreWareHouse" time="24.514" classname="HelixSenseTests.AssetRegistryActionsTest"/>
  <system-out/>
  <testcase name="verifyAssetRegistryBreakdown" time="25.851" classname="HelixSenseTests.AssetRegistryActionsTest"/>
  <system-out/>
  <testcase name="verifyAssetRegistryScrap" time="24.357" classname="HelixSenseTests.AssetRegistryActionsTest"/>
  <system-out/>
</testsuite> <!-- HelixSenseTests.AssetRegistryActionsTest -->
