<?xml version="1.0" encoding="UTF-8"?>
<!-- Generated by org.testng.reporters.JUnitReportReporter -->
<testsuite skipped="0" hostname="MLI-LAP-180" name="HelixSenseTests.RaiseATicketForAssetTest" tests="1" failures="0" timestamp="2022-02-22T20:00:07 IST" time="48.485" errors="0">
  <testcase name="verifyHelpdeskRaiseTicketByLocation" time="48.485" classname="HelixSenseTests.RaiseATicketForAssetTest"/>
  <system-out/>
</testsuite> <!-- HelixSenseTests.RaiseATicketForAssetTest -->
