<?xml version="1.0" encoding="UTF-8"?>
<!-- Generated by org.testng.reporters.JUnitReportReporter -->
<testsuite skipped="0" hostname="MLI-LAP-180" name="HelixSenseTests.VisitorManagamentCheckInTest" tests="1" failures="0" timestamp="2022-03-02T18:52:30 IST" time="17.349" errors="0">
  <testcase name="verifyVisitorCheckIn" time="17.349" classname="HelixSenseTests.VisitorManagamentCheckInTest"/>
  <system-out/>
</testsuite> <!-- HelixSenseTests.VisitorManagamentCheckInTest -->
