<?xml version="1.0" encoding="UTF-8"?>
<!-- Generated by org.testng.reporters.JUnitReportReporter -->
<testsuite skipped="0" hostname="MLI-LAP-180" name="HelixSenseTests.AssetRegistryByLocationTest" tests="1" failures="0" timestamp="2022-02-22T20:00:07 IST" time="34.631" errors="0">
  <testcase name="AssetRegistrySearchByLocation" time="34.631" classname="HelixSenseTests.AssetRegistryByLocationTest"/>
  <system-out/>
</testsuite> <!-- HelixSenseTests.AssetRegistryByLocationTest -->
