<?xml version="1.0" encoding="UTF-8"?>
<!-- Generated by org.testng.reporters.JUnitReportReporter -->
<testsuite skipped="0" hostname="MLI-LAP-180" name="HelixSenseTests.IncidentRaiseTicketTest" tests="1" failures="0" timestamp="2022-03-23T13:09:09 IST" time="133.751" errors="0">
  <testcase name="verifyIncidentManagementRaiseTicket" time="133.751" classname="HelixSenseTests.IncidentRaiseTicketTest"/>
  <system-out/>
</testsuite> <!-- HelixSenseTests.IncidentRaiseTicketTest -->
