<?xml version="1.0" encoding="UTF-8"?>
<!-- Generated by org.testng.reporters.JUnitReportReporter -->
<testsuite skipped="0" hostname="MLI-LAP-180" name="HelixSenseTests.HelixSearchByQRCodeTest" tests="1" failures="0" timestamp="2022-03-02T18:52:31 IST" time="62.307" errors="0">
  <testcase name="verifyHelixSenseSearchByQR" time="62.307" classname="HelixSenseTests.HelixSearchByQRCodeTest"/>
  <system-out/>
</testsuite> <!-- HelixSenseTests.HelixSearchByQRCodeTest -->
