<?xml version="1.0" encoding="UTF-8"?>
<!-- Generated by org.testng.reporters.JUnitReportReporter -->
<testsuite skipped="0" hostname="MLI-LAP-180" name="HelixSenseTests.AddOutboundMailWithDepartmentTest" tests="1" failures="0" timestamp="2022-03-02T18:52:30 IST" time="62.129" errors="0">
  <testcase name="verifyAddOutboundMailWithDepartment" time="62.129" classname="HelixSenseTests.AddOutboundMailWithDepartmentTest"/>
  <system-out/>
</testsuite> <!-- HelixSenseTests.AddOutboundMailWithDepartmentTest -->
