<?xml version="1.0" encoding="UTF-8"?>
<!-- Generated by org.testng.reporters.JUnitReportReporter -->
<testsuite skipped="0" hostname="MLI-LAP-180" name="HelixSenseTests.HelpDeskSearchAssetByLocationTest" tests="1" failures="0" timestamp="2022-03-02T18:52:31 IST" time="25.152" errors="0">
  <testcase name="HelpDeskSearchAssetByLocation" time="25.152" classname="HelixSenseTests.HelpDeskSearchAssetByLocationTest"/>
  <system-out/>
</testsuite> <!-- HelixSenseTests.HelpDeskSearchAssetByLocationTest -->
