<?xml version="1.0" encoding="UTF-8"?>
<!-- Generated by org.testng.reporters.JUnitReportReporter -->
<testsuite skipped="0" hostname="MLI-LAP-180" name="HelixSenseTests.HelpDeskTicketsTest" tests="1" failures="0" timestamp="2022-03-14T18:36:32 IST" time="36.302" errors="0">
  <testcase name="VerifyHelpDeskTickets" time="36.302" classname="HelixSenseTests.HelpDeskTicketsTest"/>
  <system-out/>
</testsuite> <!-- HelixSenseTests.HelpDeskTicketsTest -->
