<?xml version="1.0" encoding="UTF-8"?>
<!-- Generated by org.testng.reporters.JUnitReportReporter -->
<testsuite skipped="0" hostname="MLI-LAP-180" name="HelixSenseTests.AddInboundMailWithEmployeeTest" tests="3" failures="0" timestamp="2022-03-23T18:09:17 IST" time="105.569" errors="0">
  <testcase name="verifyAddInboundMailWithEmployee" time="59.432" classname="HelixSenseTests.AddInboundMailWithEmployeeTest"/>
  <system-out/>
  <testcase name="verifyWhetherInboundisCreated" time="17.659" classname="HelixSenseTests.AddInboundMailWithEmployeeTest"/>
  <system-out/>
  <testcase name="verifyChangeStatusRegistrytoDelivery" time="28.478" classname="HelixSenseTests.AddInboundMailWithEmployeeTest"/>
  <system-out/>
</testsuite> <!-- HelixSenseTests.AddInboundMailWithEmployeeTest -->
