<?xml version="1.0" encoding="UTF-8"?>
<!-- Generated by org.testng.reporters.JUnitReportReporter -->
<testsuite skipped="0" hostname="MLI-LAP-180" name="HelixSenseTests.IncidentRaiseTicketByLocationTest" tests="1" failures="0" timestamp="2022-02-22T20:00:07 IST" time="53.607" errors="0">
  <testcase name="verifyIncidentManagementRaiseTicket" time="53.607" classname="HelixSenseTests.IncidentRaiseTicketByLocationTest"/>
  <system-out/>
</testsuite> <!-- HelixSenseTests.IncidentRaiseTicketByLocationTest -->
