<?xml version="1.0" encoding="UTF-8"?>
<!-- Generated by org.testng.reporters.JUnitReportReporter -->
<testsuite skipped="0" hostname="MLI-LAP-180" name="HelixSenseTests.AssetRegistryByNameTest" tests="1" failures="0" timestamp="2022-03-01T11:08:41 IST" time="38.301" errors="0">
  <testcase name="AssetRegistryByNameTest" time="38.301" classname="HelixSenseTests.AssetRegistryByNameTest"/>
  <system-out/>
</testsuite> <!-- HelixSenseTests.AssetRegistryByNameTest -->
