<?xml version="1.0" encoding="UTF-8"?>
<!-- Generated by org.testng.reporters.JUnitReportReporter -->
<testsuite skipped="0" hostname="MLI-LAP-180" name="HelixSenseTests.AssetRegistryActionsTest" tests="4" failures="0" timestamp="2022-02-28T15:27:14 IST" time="288.812" errors="0">
  <testcase name="verifyAssetRegistryActions" time="74.828" classname="HelixSenseTests.AssetRegistryActionsTest"/>
  <system-out/>
  <testcase name="verifyAssetRegistryStoreWareHouse" time="72.100" classname="HelixSenseTests.AssetRegistryActionsTest"/>
  <system-out/>
  <testcase name="verifyAssetRegistryBreakdown" time="67.635" classname="HelixSenseTests.AssetRegistryActionsTest"/>
  <system-out/>
  <testcase name="verifyAssetRegistryScrap" time="74.249" classname="HelixSenseTests.AssetRegistryActionsTest"/>
  <system-out/>
</testsuite> <!-- HelixSenseTests.AssetRegistryActionsTest -->
