<?xml version="1.0" encoding="UTF-8"?>
<!-- Generated by org.testng.reporters.JUnitReportReporter -->
<testsuite skipped="0" hostname="MLI-LAP-180" name="HelixSenseTests.AddInboundMailWithEmployeeTest" tests="3" failures="0" timestamp="2022-02-24T19:15:30 IST" time="105.197" errors="0">
  <testcase name="verifyAddInboundMailWithEmployee" time="50.862" classname="HelixSenseTests.AddInboundMailWithEmployeeTest"/>
  <system-out/>
  <testcase name="verifyWhetherInboundisCreated" time="22.558" classname="HelixSenseTests.AddInboundMailWithEmployeeTest"/>
  <system-out/>
  <testcase name="verifyChangeStatusRegistrytoDelivery" time="31.777" classname="HelixSenseTests.AddInboundMailWithEmployeeTest"/>
  <system-out/>
</testsuite> <!-- HelixSenseTests.AddInboundMailWithEmployeeTest -->
