<?xml version="1.0" encoding="UTF-8"?>
<!-- Generated by org.testng.reporters.JUnitReportReporter -->
<testsuite skipped="0" hostname="MLI-LAP-180" name="HelixSenseTests.SmartLoggerTest" tests="1" failures="0" timestamp="2022-03-15T17:39:11 IST" time="50.109" errors="0">
  <testcase name="verifySmartLoggerUsingQR" time="50.109" classname="HelixSenseTests.SmartLoggerTest"/>
  <system-out/>
</testsuite> <!-- HelixSenseTests.SmartLoggerTest -->
