<?xml version="1.0" encoding="UTF-8"?>
<!-- Generated by org.testng.reporters.JUnitReportReporter -->
<testsuite skipped="0" hostname="MLI-LAP-180" name="HelixSenseTests.VisitorManagamentCheckInTest" tests="1" failures="0" timestamp="2022-03-01T11:49:25 IST" time="32.964" errors="0">
  <testcase name="verifyVisitorCheckIn" time="32.964" classname="HelixSenseTests.VisitorManagamentCheckInTest"/>
  <system-out/>
</testsuite> <!-- HelixSenseTests.VisitorManagamentCheckInTest -->
