<?xml version="1.0" encoding="UTF-8"?>
<!-- Generated by org.testng.reporters.JUnitReportReporter -->
<testsuite skipped="0" hostname="MLI-LAP-180" name="HelixSenseTests.AddOutboundMailWithEmployeeTest" tests="1" failures="0" timestamp="2022-03-01T11:28:27 IST" time="40.290" errors="0">
  <testcase name="verifyChangeStatusReadytoDispatch" time="40.290" classname="HelixSenseTests.AddOutboundMailWithEmployeeTest"/>
  <system-out/>
</testsuite> <!-- HelixSenseTests.AddOutboundMailWithEmployeeTest -->
