<?xml version="1.0" encoding="UTF-8"?>
<!-- Generated by org.testng.reporters.JUnitReportReporter -->
<testsuite skipped="0" hostname="MLI-LAP-180" name="HelixSenseTests.MailRoomWithQRCodeTest" tests="1" failures="0" timestamp="2022-03-23T11:01:20 IST" time="52.344" errors="0">
  <testcase name="verifyMailRoomWithQRCode" time="52.344" classname="HelixSenseTests.MailRoomWithQRCodeTest"/>
  <system-out/>
</testsuite> <!-- HelixSenseTests.MailRoomWithQRCodeTest -->
