<?xml version="1.0" encoding="UTF-8"?>
<!-- Generated by org.testng.reporters.JUnitReportReporter -->
<testsuite skipped="0" hostname="MLI-LAP-180" name="HelixSenseTests.HelpdeskRaiseTicketByLocationTest" tests="1" failures="0" timestamp="2022-03-23T12:34:33 IST" time="45.304" errors="0">
  <testcase name="verifyHelpdeskRaiseTicketByLocation" time="45.304" classname="HelixSenseTests.HelpdeskRaiseTicketByLocationTest"/>
  <system-out/>
</testsuite> <!-- HelixSenseTests.HelpdeskRaiseTicketByLocationTest -->
