<?xml version="1.0" encoding="UTF-8"?>
<!-- Generated by org.testng.reporters.JUnitReportReporter -->
<testsuite skipped="0" hostname="MLI-LAP-180" name="HelixSenseTests.LoginTest" tests="1" failures="0" timestamp="2022-03-02T19:24:29 IST" time="19.854" errors="0">
  <testcase name="HelixSenseLogIn" time="19.854" classname="HelixSenseTests.LoginTest"/>
  <system-out/>
</testsuite> <!-- HelixSenseTests.LoginTest -->
