<?xml version="1.0" encoding="UTF-8"?>
<!-- Generated by org.testng.reporters.JUnitReportReporter -->
<testsuite skipped="0" hostname="MLI-LAP-180" name="HelixSenseTests.AddOutboundMailWithEmployeeTest" tests="3" failures="0" timestamp="2022-03-23T18:09:17 IST" time="174.861" errors="0">
  <testcase name="verifyAddOutboundMailWithEmployee" time="119.938" classname="HelixSenseTests.AddOutboundMailWithEmployeeTest"/>
  <system-out/>
  <testcase name="verifyWhetherOutboundisCreated" time="19.577" classname="HelixSenseTests.AddOutboundMailWithEmployeeTest"/>
  <system-out/>
  <testcase name="verifyChangeStatusReadytoDispatch" time="35.346" classname="HelixSenseTests.AddOutboundMailWithEmployeeTest"/>
  <system-out/>
</testsuite> <!-- HelixSenseTests.AddOutboundMailWithEmployeeTest -->
