<?xml version="1.0" encoding="UTF-8"?>
<!-- Generated by org.testng.reporters.JUnitReportReporter -->
<testsuite skipped="0" hostname="MLI-LAP-180" name="HelixSenseTests.SmartLoggerTest" tests="3" failures="0" timestamp="2022-03-23T18:09:17 IST" time="170.107" errors="0">
  <testcase name="verifyAssetRegistryMoveToAnotherLocation" time="59.403" classname="HelixSenseTests.SmartLoggerTest"/>
  <system-out/>
  <testcase name="verifySmartLoggerUsingQR" time="54.743" classname="HelixSenseTests.SmartLoggerTest"/>
  <system-out/>
  <testcase name="verifyAssetRegistryIsReplaced" time="55.961" classname="HelixSenseTests.SmartLoggerTest"/>
  <system-out/>
</testsuite> <!-- HelixSenseTests.SmartLoggerTest -->
