<?xml version="1.0" encoding="UTF-8"?>
<!-- Generated by org.testng.reporters.JUnitReportReporter -->
<testsuite skipped="0" hostname="MLI-LAP-180" name="HelixSenseTests.AddInboundMailWithEmployeeTest" tests="3" failures="0" timestamp="2022-03-02T18:52:30 IST" time="104.307" errors="0">
  <testcase name="verifyAddInboundMailWithEmployee" time="52.025" classname="HelixSenseTests.AddInboundMailWithEmployeeTest"/>
  <system-out/>
  <testcase name="verifyWhetherInboundisCreated" time="19.945" classname="HelixSenseTests.AddInboundMailWithEmployeeTest"/>
  <system-out/>
  <testcase name="verifyChangeStatusRegistrytoDelivery" time="32.337" classname="HelixSenseTests.AddInboundMailWithEmployeeTest"/>
  <system-out/>
</testsuite> <!-- HelixSenseTests.AddInboundMailWithEmployeeTest -->
