<?xml version="1.0" encoding="UTF-8"?>
<!-- Generated by org.testng.reporters.JUnitReportReporter -->
<testsuite skipped="0" hostname="MLI-LAP-180" name="HelixSenseTests.WorkOrderTest" tests="2" failures="0" timestamp="2022-03-15T11:55:54 IST" time="110.673" errors="0">
  <testcase name="verifyStartedOrderModule" time="46.998" classname="HelixSenseTests.WorkOrderTest"/>
  <system-out/>
  <testcase name="verifyWorkOrderModule" time="63.675" classname="HelixSenseTests.WorkOrderTest"/>
  <system-out/>
</testsuite> <!-- HelixSenseTests.WorkOrderTest -->
