<?xml version="1.0" encoding="UTF-8"?>
<!-- Generated by org.testng.reporters.JUnitReportReporter -->
<testsuite skipped="0" hostname="MLI-LAP-180" name="HelixSenseTests.HelpdeskRaiseTicketByLocationTest" tests="1" failures="0" timestamp="2022-03-23T18:09:17 IST" time="41.570" errors="0">
  <testcase name="verifyHelpdeskRaiseTicketByLocation" time="41.570" classname="HelixSenseTests.HelpdeskRaiseTicketByLocationTest"/>
  <system-out/>
</testsuite> <!-- HelixSenseTests.HelpdeskRaiseTicketByLocationTest -->
