<?xml version="1.0" encoding="UTF-8"?>
<!-- Generated by org.testng.reporters.JUnitReportReporter -->
<testsuite skipped="0" hostname="MLI-LAP-180" name="HelixSenseTests.AddOutboundMailWithEmployeeTest" tests="3" failures="0" timestamp="2022-03-02T18:52:31 IST" time="105.987" errors="0">
  <testcase name="verifyAddOutboundMailWithEmployee" time="51.217" classname="HelixSenseTests.AddOutboundMailWithEmployeeTest"/>
  <system-out/>
  <testcase name="verifyWhetherOutboundisCreated" time="19.734" classname="HelixSenseTests.AddOutboundMailWithEmployeeTest"/>
  <system-out/>
  <testcase name="verifyChangeStatusReadytoDispatch" time="35.036" classname="HelixSenseTests.AddOutboundMailWithEmployeeTest"/>
  <system-out/>
</testsuite> <!-- HelixSenseTests.AddOutboundMailWithEmployeeTest -->
