<?xml version="1.0" encoding="UTF-8"?>
<!-- Generated by org.testng.reporters.JUnitReportReporter -->
<testsuite skipped="0" hostname="MLI-LAP-180" name="HelixSenseTests.HelixSearchByQRCodeTest" tests="3" failures="0" timestamp="2022-03-23T18:09:17 IST" time="179.408" errors="0">
  <testcase name="verifyPendingWorkOrdersScanQR" time="53.312" classname="HelixSenseTests.HelixSearchByQRCodeTest"/>
  <system-out/>
  <testcase name="verifyHelixSenseSearchByQR" time="61.456" classname="HelixSenseTests.HelixSearchByQRCodeTest"/>
  <system-out/>
  <testcase name="verifyRaiseATicketByGlobalSearchUsingQR" time="64.640" classname="HelixSenseTests.HelixSearchByQRCodeTest"/>
  <system-out/>
</testsuite> <!-- HelixSenseTests.HelixSearchByQRCodeTest -->
