<?xml version="1.0" encoding="UTF-8"?>
<!-- Generated by org.testng.reporters.JUnitReportReporter -->
<testsuite skipped="1" hostname="MLI-LAP-180" name="HelixSenseTests.HelpDeskByQRCodeTest" tests="2" failures="0" timestamp="2022-03-23T18:09:17 IST" time="76.731" errors="0">
  <testcase name="verifyHelpDeskRaiseTicketyUsingQRCode" time="76.731" classname="HelixSenseTests.HelpDeskByQRCodeTest"/>
  <system-out/>
  <testcase name="HelixSenseLogIn" classname="HelixSenseTests.HelpDeskByQRCodeTest">
    <skipped/>
  </testcase> <!-- HelixSenseLogIn -->
  <system-out/>
</testsuite> <!-- HelixSenseTests.HelpDeskByQRCodeTest -->
